<?xml version="1.0" encoding="UTF-8"?>
<testsuite xmlns:xsi="http://www.w3.org/2001/XMLSchema-instance" xsi:noNamespaceSchemaLocation="https://maven.apache.org/surefire/maven-surefire-plugin/xsd/surefire-test-report-3.0.xsd" version="3.0" name="com.microservices.limits_service.LimitsServiceApplicationTests" time="2.368" tests="1" errors="0" skipped="0" failures="0">
  <properties>
    <property name="java.specification.version" value="17"/>
    <property name="sun.jnu.encoding" value="UTF-8"/>
    <property name="java.class.path" value="/Users/vipulkumarkanabar/microservices/limits-service/target/test-classes:/Users/vipulkumarkanabar/microservices/limits-service/target/classes:/Users/vipulkumarkanabar/.m2/repository/org/springframework/boot/spring-boot-starter-actuator/3.3.1/spring-boot-starter-actuator-3.3.1.jar:/Users/vipulkumarkanabar/.m2/repository/org/springframework/boot/spring-boot-starter/3.3.1/spring-boot-starter-3.3.1.jar:/Users/vipulkumarkanabar/.m2/repository/org/springframework/boot/spring-boot-starter-logging/3.3.1/spring-boot-starter-logging-3.3.1.jar:/Users/vipulkumarkanabar/.m2/repository/ch/qos/logback/logback-classic/1.5.6/logback-classic-1.5.6.jar:/Users/vipulkumarkanabar/.m2/repository/ch/qos/logback/logback-core/1.5.6/logback-core-1.5.6.jar:/Users/vipulkumarkanabar/.m2/repository/org/apache/logging/log4j/log4j-to-slf4j/2.23.1/log4j-to-slf4j-2.23.1.jar:/Users/vipulkumarkanabar/.m2/repository/org/apache/logging/log4j/log4j-api/2.23.1/log4j-api-2.23.1.jar:/Users/vipulkumarkanabar/.m2/repository/org/slf4j/jul-to-slf4j/2.0.13/jul-to-slf4j-2.0.13.jar:/Users/vipulkumarkanabar/.m2/repository/jakarta/annotation/jakarta.annotation-api/2.1.1/jakarta.annotation-api-2.1.1.jar:/Users/vipulkumarkanabar/.m2/repository/org/yaml/snakeyaml/2.2/snakeyaml-2.2.jar:/Users/vipulkumarkanabar/.m2/repository/org/springframework/boot/spring-boot-actuator-autoconfigure/3.3.1/spring-boot-actuator-autoconfigure-3.3.1.jar:/Users/vipulkumarkanabar/.m2/repository/org/springframework/boot/spring-boot-actuator/3.3.1/spring-boot-actuator-3.3.1.jar:/Users/vipulkumarkanabar/.m2/repository/com/fasterxml/jackson/datatype/jackson-datatype-jsr310/2.17.1/jackson-datatype-jsr310-2.17.1.jar:/Users/vipulkumarkanabar/.m2/repository/io/micrometer/micrometer-observation/1.13.1/micrometer-observation-1.13.1.jar:/Users/vipulkumarkanabar/.m2/repository/io/micrometer/micrometer-commons/1.13.1/micrometer-commons-1.13.1.jar:/Users/vipulkumarkanabar/.m2/repository/io/micrometer/micrometer-jakarta9/1.13.1/micrometer-jakarta9-1.13.1.jar:/Users/vipulkumarkanabar/.m2/repository/io/micrometer/micrometer-core/1.13.1/micrometer-core-1.13.1.jar:/Users/vipulkumarkanabar/.m2/repository/org/hdrhistogram/HdrHistogram/2.2.2/HdrHistogram-2.2.2.jar:/Users/vipulkumarkanabar/.m2/repository/org/latencyutils/LatencyUtils/2.0.3/LatencyUtils-2.0.3.jar:/Users/vipulkumarkanabar/.m2/repository/org/springframework/boot/spring-boot-starter-web/3.3.1/spring-boot-starter-web-3.3.1.jar:/Users/vipulkumarkanabar/.m2/repository/org/springframework/boot/spring-boot-starter-json/3.3.1/spring-boot-starter-json-3.3.1.jar:/Users/vipulkumarkanabar/.m2/repository/com/fasterxml/jackson/datatype/jackson-datatype-jdk8/2.17.1/jackson-datatype-jdk8-2.17.1.jar:/Users/vipulkumarkanabar/.m2/repository/com/fasterxml/jackson/module/jackson-module-parameter-names/2.17.1/jackson-module-parameter-names-2.17.1.jar:/Users/vipulkumarkanabar/.m2/repository/org/springframework/boot/spring-boot-starter-tomcat/3.3.1/spring-boot-starter-tomcat-3.3.1.jar:/Users/vipulkumarkanabar/.m2/repository/org/apache/tomcat/embed/tomcat-embed-core/10.1.25/tomcat-embed-core-10.1.25.jar:/Users/vipulkumarkanabar/.m2/repository/org/apache/tomcat/embed/tomcat-embed-el/10.1.25/tomcat-embed-el-10.1.25.jar:/Users/vipulkumarkanabar/.m2/repository/org/apache/tomcat/embed/tomcat-embed-websocket/10.1.25/tomcat-embed-websocket-10.1.25.jar:/Users/vipulkumarkanabar/.m2/repository/org/springframework/spring-web/6.1.10/spring-web-6.1.10.jar:/Users/vipulkumarkanabar/.m2/repository/org/springframework/spring-beans/6.1.10/spring-beans-6.1.10.jar:/Users/vipulkumarkanabar/.m2/repository/org/springframework/spring-webmvc/6.1.10/spring-webmvc-6.1.10.jar:/Users/vipulkumarkanabar/.m2/repository/org/springframework/spring-aop/6.1.10/spring-aop-6.1.10.jar:/Users/vipulkumarkanabar/.m2/repository/org/springframework/spring-context/6.1.10/spring-context-6.1.10.jar:/Users/vipulkumarkanabar/.m2/repository/org/springframework/spring-expression/6.1.10/spring-expression-6.1.10.jar:/Users/vipulkumarkanabar/.m2/repository/org/springframework/cloud/spring-cloud-starter-config/4.1.2/spring-cloud-starter-config-4.1.2.jar:/Users/vipulkumarkanabar/.m2/repository/org/springframework/cloud/spring-cloud-starter/4.1.3/spring-cloud-starter-4.1.3.jar:/Users/vipulkumarkanabar/.m2/repository/org/springframework/cloud/spring-cloud-context/4.1.3/spring-cloud-context-4.1.3.jar:/Users/vipulkumarkanabar/.m2/repository/org/springframework/security/spring-security-crypto/6.3.1/spring-security-crypto-6.3.1.jar:/Users/vipulkumarkanabar/.m2/repository/org/springframework/cloud/spring-cloud-commons/4.1.3/spring-cloud-commons-4.1.3.jar:/Users/vipulkumarkanabar/.m2/repository/org/springframework/security/spring-security-rsa/1.1.3/spring-security-rsa-1.1.3.jar:/Users/vipulkumarkanabar/.m2/repository/org/bouncycastle/bcprov-jdk18on/1.78/bcprov-jdk18on-1.78.jar:/Users/vipulkumarkanabar/.m2/repository/org/springframework/cloud/spring-cloud-config-client/4.1.2/spring-cloud-config-client-4.1.2.jar:/Users/vipulkumarkanabar/.m2/repository/com/fasterxml/jackson/core/jackson-annotations/2.17.1/jackson-annotations-2.17.1.jar:/Users/vipulkumarkanabar/.m2/repository/org/apache/httpcomponents/client5/httpclient5/5.3.1/httpclient5-5.3.1.jar:/Users/vipulkumarkanabar/.m2/repository/org/apache/httpcomponents/core5/httpcore5/5.2.4/httpcore5-5.2.4.jar:/Users/vipulkumarkanabar/.m2/repository/org/apache/httpcomponents/core5/httpcore5-h2/5.2.4/httpcore5-h2-5.2.4.jar:/Users/vipulkumarkanabar/.m2/repository/com/fasterxml/jackson/core/jackson-databind/2.17.1/jackson-databind-2.17.1.jar:/Users/vipulkumarkanabar/.m2/repository/com/fasterxml/jackson/core/jackson-core/2.17.1/jackson-core-2.17.1.jar:/Users/vipulkumarkanabar/.m2/repository/org/springframework/boot/spring-boot-devtools/3.3.1/spring-boot-devtools-3.3.1.jar:/Users/vipulkumarkanabar/.m2/repository/org/springframework/boot/spring-boot/3.3.1/spring-boot-3.3.1.jar:/Users/vipulkumarkanabar/.m2/repository/org/springframework/boot/spring-boot-autoconfigure/3.3.1/spring-boot-autoconfigure-3.3.1.jar:/Users/vipulkumarkanabar/.m2/repository/org/springframework/boot/spring-boot-starter-test/3.3.1/spring-boot-starter-test-3.3.1.jar:/Users/vipulkumarkanabar/.m2/repository/org/springframework/boot/spring-boot-test/3.3.1/spring-boot-test-3.3.1.jar:/Users/vipulkumarkanabar/.m2/repository/org/springframework/boot/spring-boot-test-autoconfigure/3.3.1/spring-boot-test-autoconfigure-3.3.1.jar:/Users/vipulkumarkanabar/.m2/repository/com/jayway/jsonpath/json-path/2.9.0/json-path-2.9.0.jar:/Users/vipulkumarkanabar/.m2/repository/org/slf4j/slf4j-api/2.0.13/slf4j-api-2.0.13.jar:/Users/vipulkumarkanabar/.m2/repository/jakarta/xml/bind/jakarta.xml.bind-api/4.0.2/jakarta.xml.bind-api-4.0.2.jar:/Users/vipulkumarkanabar/.m2/repository/jakarta/activation/jakarta.activation-api/2.1.3/jakarta.activation-api-2.1.3.jar:/Users/vipulkumarkanabar/.m2/repository/net/minidev/json-smart/2.5.1/json-smart-2.5.1.jar:/Users/vipulkumarkanabar/.m2/repository/net/minidev/accessors-smart/2.5.1/accessors-smart-2.5.1.jar:/Users/vipulkumarkanabar/.m2/repository/org/ow2/asm/asm/9.6/asm-9.6.jar:/Users/vipulkumarkanabar/.m2/repository/org/assertj/assertj-core/3.25.3/assertj-core-3.25.3.jar:/Users/vipulkumarkanabar/.m2/repository/net/bytebuddy/byte-buddy/1.14.17/byte-buddy-1.14.17.jar:/Users/vipulkumarkanabar/.m2/repository/org/awaitility/awaitility/4.2.1/awaitility-4.2.1.jar:/Users/vipulkumarkanabar/.m2/repository/org/hamcrest/hamcrest/2.2/hamcrest-2.2.jar:/Users/vipulkumarkanabar/.m2/repository/org/junit/jupiter/junit-jupiter/5.10.2/junit-jupiter-5.10.2.jar:/Users/vipulkumarkanabar/.m2/repository/org/junit/jupiter/junit-jupiter-api/5.10.2/junit-jupiter-api-5.10.2.jar:/Users/vipulkumarkanabar/.m2/repository/org/opentest4j/opentest4j/1.3.0/opentest4j-1.3.0.jar:/Users/vipulkumarkanabar/.m2/repository/org/junit/platform/junit-platform-commons/1.10.2/junit-platform-commons-1.10.2.jar:/Users/vipulkumarkanabar/.m2/repository/org/apiguardian/apiguardian-api/1.1.2/apiguardian-api-1.1.2.jar:/Users/vipulkumarkanabar/.m2/repository/org/junit/jupiter/junit-jupiter-params/5.10.2/junit-jupiter-params-5.10.2.jar:/Users/vipulkumarkanabar/.m2/repository/org/junit/jupiter/junit-jupiter-engine/5.10.2/junit-jupiter-engine-5.10.2.jar:/Users/vipulkumarkanabar/.m2/repository/org/junit/platform/junit-platform-engine/1.10.2/junit-platform-engine-1.10.2.jar:/Users/vipulkumarkanabar/.m2/repository/org/mockito/mockito-core/5.11.0/mockito-core-5.11.0.jar:/Users/vipulkumarkanabar/.m2/repository/net/bytebuddy/byte-buddy-agent/1.14.17/byte-buddy-agent-1.14.17.jar:/Users/vipulkumarkanabar/.m2/repository/org/objenesis/objenesis/3.3/objenesis-3.3.jar:/Users/vipulkumarkanabar/.m2/repository/org/mockito/mockito-junit-jupiter/5.11.0/mockito-junit-jupiter-5.11.0.jar:/Users/vipulkumarkanabar/.m2/repository/org/skyscreamer/jsonassert/1.5.1/jsonassert-1.5.1.jar:/Users/vipulkumarkanabar/.m2/repository/com/vaadin/external/google/android-json/0.0.20131108.vaadin1/android-json-0.0.20131108.vaadin1.jar:/Users/vipulkumarkanabar/.m2/repository/org/springframework/spring-core/6.1.10/spring-core-6.1.10.jar:/Users/vipulkumarkanabar/.m2/repository/org/springframework/spring-jcl/6.1.10/spring-jcl-6.1.10.jar:/Users/vipulkumarkanabar/.m2/repository/org/springframework/spring-test/6.1.10/spring-test-6.1.10.jar:/Users/vipulkumarkanabar/.m2/repository/org/xmlunit/xmlunit-core/2.9.1/xmlunit-core-2.9.1.jar:"/>
    <property name="java.vm.vendor" value="Oracle Corporation"/>
    <property name="sun.arch.data.model" value="64"/>
    <property name="java.vendor.url" value="https://java.oracle.com/"/>
    <property name="user.timezone" value="Europe/London"/>
    <property name="os.name" value="Mac OS X"/>
    <property name="java.vm.specification.version" value="17"/>
    <property name="sun.java.launcher" value="SUN_STANDARD"/>
    <property name="user.country" value="GB"/>
    <property name="sun.boot.library.path" value="/Library/Java/JavaVirtualMachines/jdk-17.jdk/Contents/Home/lib"/>
    <property name="sun.java.command" value="/Users/vipulkumarkanabar/microservices/limits-service/target/surefire/surefirebooter-20240625115254292_3.jar /Users/vipulkumarkanabar/microservices/limits-service/target/surefire 2024-06-25T11-52-54_235-jvmRun1 surefire-20240625115254292_1tmp surefire_0-20240625115254292_2tmp"/>
    <property name="http.nonProxyHosts" value="local|*.local|169.254/16|*.169.254/16"/>
    <property name="jdk.debug" value="release"/>
    <property name="surefire.test.class.path" value="/Users/vipulkumarkanabar/microservices/limits-service/target/test-classes:/Users/vipulkumarkanabar/microservices/limits-service/target/classes:/Users/vipulkumarkanabar/.m2/repository/org/springframework/boot/spring-boot-starter-actuator/3.3.1/spring-boot-starter-actuator-3.3.1.jar:/Users/vipulkumarkanabar/.m2/repository/org/springframework/boot/spring-boot-starter/3.3.1/spring-boot-starter-3.3.1.jar:/Users/vipulkumarkanabar/.m2/repository/org/springframework/boot/spring-boot-starter-logging/3.3.1/spring-boot-starter-logging-3.3.1.jar:/Users/vipulkumarkanabar/.m2/repository/ch/qos/logback/logback-classic/1.5.6/logback-classic-1.5.6.jar:/Users/vipulkumarkanabar/.m2/repository/ch/qos/logback/logback-core/1.5.6/logback-core-1.5.6.jar:/Users/vipulkumarkanabar/.m2/repository/org/apache/logging/log4j/log4j-to-slf4j/2.23.1/log4j-to-slf4j-2.23.1.jar:/Users/vipulkumarkanabar/.m2/repository/org/apache/logging/log4j/log4j-api/2.23.1/log4j-api-2.23.1.jar:/Users/vipulkumarkanabar/.m2/repository/org/slf4j/jul-to-slf4j/2.0.13/jul-to-slf4j-2.0.13.jar:/Users/vipulkumarkanabar/.m2/repository/jakarta/annotation/jakarta.annotation-api/2.1.1/jakarta.annotation-api-2.1.1.jar:/Users/vipulkumarkanabar/.m2/repository/org/yaml/snakeyaml/2.2/snakeyaml-2.2.jar:/Users/vipulkumarkanabar/.m2/repository/org/springframework/boot/spring-boot-actuator-autoconfigure/3.3.1/spring-boot-actuator-autoconfigure-3.3.1.jar:/Users/vipulkumarkanabar/.m2/repository/org/springframework/boot/spring-boot-actuator/3.3.1/spring-boot-actuator-3.3.1.jar:/Users/vipulkumarkanabar/.m2/repository/com/fasterxml/jackson/datatype/jackson-datatype-jsr310/2.17.1/jackson-datatype-jsr310-2.17.1.jar:/Users/vipulkumarkanabar/.m2/repository/io/micrometer/micrometer-observation/1.13.1/micrometer-observation-1.13.1.jar:/Users/vipulkumarkanabar/.m2/repository/io/micrometer/micrometer-commons/1.13.1/micrometer-commons-1.13.1.jar:/Users/vipulkumarkanabar/.m2/repository/io/micrometer/micrometer-jakarta9/1.13.1/micrometer-jakarta9-1.13.1.jar:/Users/vipulkumarkanabar/.m2/repository/io/micrometer/micrometer-core/1.13.1/micrometer-core-1.13.1.jar:/Users/vipulkumarkanabar/.m2/repository/org/hdrhistogram/HdrHistogram/2.2.2/HdrHistogram-2.2.2.jar:/Users/vipulkumarkanabar/.m2/repository/org/latencyutils/LatencyUtils/2.0.3/LatencyUtils-2.0.3.jar:/Users/vipulkumarkanabar/.m2/repository/org/springframework/boot/spring-boot-starter-web/3.3.1/spring-boot-starter-web-3.3.1.jar:/Users/vipulkumarkanabar/.m2/repository/org/springframework/boot/spring-boot-starter-json/3.3.1/spring-boot-starter-json-3.3.1.jar:/Users/vipulkumarkanabar/.m2/repository/com/fasterxml/jackson/datatype/jackson-datatype-jdk8/2.17.1/jackson-datatype-jdk8-2.17.1.jar:/Users/vipulkumarkanabar/.m2/repository/com/fasterxml/jackson/module/jackson-module-parameter-names/2.17.1/jackson-module-parameter-names-2.17.1.jar:/Users/vipulkumarkanabar/.m2/repository/org/springframework/boot/spring-boot-starter-tomcat/3.3.1/spring-boot-starter-tomcat-3.3.1.jar:/Users/vipulkumarkanabar/.m2/repository/org/apache/tomcat/embed/tomcat-embed-core/10.1.25/tomcat-embed-core-10.1.25.jar:/Users/vipulkumarkanabar/.m2/repository/org/apache/tomcat/embed/tomcat-embed-el/10.1.25/tomcat-embed-el-10.1.25.jar:/Users/vipulkumarkanabar/.m2/repository/org/apache/tomcat/embed/tomcat-embed-websocket/10.1.25/tomcat-embed-websocket-10.1.25.jar:/Users/vipulkumarkanabar/.m2/repository/org/springframework/spring-web/6.1.10/spring-web-6.1.10.jar:/Users/vipulkumarkanabar/.m2/repository/org/springframework/spring-beans/6.1.10/spring-beans-6.1.10.jar:/Users/vipulkumarkanabar/.m2/repository/org/springframework/spring-webmvc/6.1.10/spring-webmvc-6.1.10.jar:/Users/vipulkumarkanabar/.m2/repository/org/springframework/spring-aop/6.1.10/spring-aop-6.1.10.jar:/Users/vipulkumarkanabar/.m2/repository/org/springframework/spring-context/6.1.10/spring-context-6.1.10.jar:/Users/vipulkumarkanabar/.m2/repository/org/springframework/spring-expression/6.1.10/spring-expression-6.1.10.jar:/Users/vipulkumarkanabar/.m2/repository/org/springframework/cloud/spring-cloud-starter-config/4.1.2/spring-cloud-starter-config-4.1.2.jar:/Users/vipulkumarkanabar/.m2/repository/org/springframework/cloud/spring-cloud-starter/4.1.3/spring-cloud-starter-4.1.3.jar:/Users/vipulkumarkanabar/.m2/repository/org/springframework/cloud/spring-cloud-context/4.1.3/spring-cloud-context-4.1.3.jar:/Users/vipulkumarkanabar/.m2/repository/org/springframework/security/spring-security-crypto/6.3.1/spring-security-crypto-6.3.1.jar:/Users/vipulkumarkanabar/.m2/repository/org/springframework/cloud/spring-cloud-commons/4.1.3/spring-cloud-commons-4.1.3.jar:/Users/vipulkumarkanabar/.m2/repository/org/springframework/security/spring-security-rsa/1.1.3/spring-security-rsa-1.1.3.jar:/Users/vipulkumarkanabar/.m2/repository/org/bouncycastle/bcprov-jdk18on/1.78/bcprov-jdk18on-1.78.jar:/Users/vipulkumarkanabar/.m2/repository/org/springframework/cloud/spring-cloud-config-client/4.1.2/spring-cloud-config-client-4.1.2.jar:/Users/vipulkumarkanabar/.m2/repository/com/fasterxml/jackson/core/jackson-annotations/2.17.1/jackson-annotations-2.17.1.jar:/Users/vipulkumarkanabar/.m2/repository/org/apache/httpcomponents/client5/httpclient5/5.3.1/httpclient5-5.3.1.jar:/Users/vipulkumarkanabar/.m2/repository/org/apache/httpcomponents/core5/httpcore5/5.2.4/httpcore5-5.2.4.jar:/Users/vipulkumarkanabar/.m2/repository/org/apache/httpcomponents/core5/httpcore5-h2/5.2.4/httpcore5-h2-5.2.4.jar:/Users/vipulkumarkanabar/.m2/repository/com/fasterxml/jackson/core/jackson-databind/2.17.1/jackson-databind-2.17.1.jar:/Users/vipulkumarkanabar/.m2/repository/com/fasterxml/jackson/core/jackson-core/2.17.1/jackson-core-2.17.1.jar:/Users/vipulkumarkanabar/.m2/repository/org/springframework/boot/spring-boot-devtools/3.3.1/spring-boot-devtools-3.3.1.jar:/Users/vipulkumarkanabar/.m2/repository/org/springframework/boot/spring-boot/3.3.1/spring-boot-3.3.1.jar:/Users/vipulkumarkanabar/.m2/repository/org/springframework/boot/spring-boot-autoconfigure/3.3.1/spring-boot-autoconfigure-3.3.1.jar:/Users/vipulkumarkanabar/.m2/repository/org/springframework/boot/spring-boot-starter-test/3.3.1/spring-boot-starter-test-3.3.1.jar:/Users/vipulkumarkanabar/.m2/repository/org/springframework/boot/spring-boot-test/3.3.1/spring-boot-test-3.3.1.jar:/Users/vipulkumarkanabar/.m2/repository/org/springframework/boot/spring-boot-test-autoconfigure/3.3.1/spring-boot-test-autoconfigure-3.3.1.jar:/Users/vipulkumarkanabar/.m2/repository/com/jayway/jsonpath/json-path/2.9.0/json-path-2.9.0.jar:/Users/vipulkumarkanabar/.m2/repository/org/slf4j/slf4j-api/2.0.13/slf4j-api-2.0.13.jar:/Users/vipulkumarkanabar/.m2/repository/jakarta/xml/bind/jakarta.xml.bind-api/4.0.2/jakarta.xml.bind-api-4.0.2.jar:/Users/vipulkumarkanabar/.m2/repository/jakarta/activation/jakarta.activation-api/2.1.3/jakarta.activation-api-2.1.3.jar:/Users/vipulkumarkanabar/.m2/repository/net/minidev/json-smart/2.5.1/json-smart-2.5.1.jar:/Users/vipulkumarkanabar/.m2/repository/net/minidev/accessors-smart/2.5.1/accessors-smart-2.5.1.jar:/Users/vipulkumarkanabar/.m2/repository/org/ow2/asm/asm/9.6/asm-9.6.jar:/Users/vipulkumarkanabar/.m2/repository/org/assertj/assertj-core/3.25.3/assertj-core-3.25.3.jar:/Users/vipulkumarkanabar/.m2/repository/net/bytebuddy/byte-buddy/1.14.17/byte-buddy-1.14.17.jar:/Users/vipulkumarkanabar/.m2/repository/org/awaitility/awaitility/4.2.1/awaitility-4.2.1.jar:/Users/vipulkumarkanabar/.m2/repository/org/hamcrest/hamcrest/2.2/hamcrest-2.2.jar:/Users/vipulkumarkanabar/.m2/repository/org/junit/jupiter/junit-jupiter/5.10.2/junit-jupiter-5.10.2.jar:/Users/vipulkumarkanabar/.m2/repository/org/junit/jupiter/junit-jupiter-api/5.10.2/junit-jupiter-api-5.10.2.jar:/Users/vipulkumarkanabar/.m2/repository/org/opentest4j/opentest4j/1.3.0/opentest4j-1.3.0.jar:/Users/vipulkumarkanabar/.m2/repository/org/junit/platform/junit-platform-commons/1.10.2/junit-platform-commons-1.10.2.jar:/Users/vipulkumarkanabar/.m2/repository/org/apiguardian/apiguardian-api/1.1.2/apiguardian-api-1.1.2.jar:/Users/vipulkumarkanabar/.m2/repository/org/junit/jupiter/junit-jupiter-params/5.10.2/junit-jupiter-params-5.10.2.jar:/Users/vipulkumarkanabar/.m2/repository/org/junit/jupiter/junit-jupiter-engine/5.10.2/junit-jupiter-engine-5.10.2.jar:/Users/vipulkumarkanabar/.m2/repository/org/junit/platform/junit-platform-engine/1.10.2/junit-platform-engine-1.10.2.jar:/Users/vipulkumarkanabar/.m2/repository/org/mockito/mockito-core/5.11.0/mockito-core-5.11.0.jar:/Users/vipulkumarkanabar/.m2/repository/net/bytebuddy/byte-buddy-agent/1.14.17/byte-buddy-agent-1.14.17.jar:/Users/vipulkumarkanabar/.m2/repository/org/objenesis/objenesis/3.3/objenesis-3.3.jar:/Users/vipulkumarkanabar/.m2/repository/org/mockito/mockito-junit-jupiter/5.11.0/mockito-junit-jupiter-5.11.0.jar:/Users/vipulkumarkanabar/.m2/repository/org/skyscreamer/jsonassert/1.5.1/jsonassert-1.5.1.jar:/Users/vipulkumarkanabar/.m2/repository/com/vaadin/external/google/android-json/0.0.20131108.vaadin1/android-json-0.0.20131108.vaadin1.jar:/Users/vipulkumarkanabar/.m2/repository/org/springframework/spring-core/6.1.10/spring-core-6.1.10.jar:/Users/vipulkumarkanabar/.m2/repository/org/springframework/spring-jcl/6.1.10/spring-jcl-6.1.10.jar:/Users/vipulkumarkanabar/.m2/repository/org/springframework/spring-test/6.1.10/spring-test-6.1.10.jar:/Users/vipulkumarkanabar/.m2/repository/org/xmlunit/xmlunit-core/2.9.1/xmlunit-core-2.9.1.jar:"/>
    <property name="sun.cpu.endian" value="little"/>
    <property name="user.home" value="/Users/vipulkumarkanabar"/>
    <property name="user.language" value="en"/>
    <property name="java.specification.vendor" value="Oracle Corporation"/>
    <property name="java.version.date" value="2024-01-16"/>
    <property name="java.home" value="/Library/Java/JavaVirtualMachines/jdk-17.jdk/Contents/Home"/>
    <property name="file.separator" value="/"/>
    <property name="basedir" value="/Users/vipulkumarkanabar/microservices/limits-service"/>
    <property name="java.vm.compressedOopsMode" value="Zero based"/>
    <property name="line.separator" value="&#10;"/>
    <property name="java.vm.specification.vendor" value="Oracle Corporation"/>
    <property name="java.specification.name" value="Java Platform API Specification"/>
    <property name="FILE_LOG_CHARSET" value="UTF-8"/>
    <property name="java.awt.headless" value="true"/>
    <property name="surefire.real.class.path" value="/Users/vipulkumarkanabar/microservices/limits-service/target/surefire/surefirebooter-20240625115254292_3.jar"/>
    <property name="sun.management.compiler" value="HotSpot 64-Bit Tiered Compilers"/>
    <property name="ftp.nonProxyHosts" value="local|*.local|169.254/16|*.169.254/16"/>
    <property name="java.runtime.version" value="17.0.10+11-LTS-240"/>
    <property name="user.name" value="vipulkumarkanabar"/>
    <property name="path.separator" value=":"/>
    <property name="os.version" value="14.5"/>
    <property name="java.runtime.name" value="Java(TM) SE Runtime Environment"/>
    <property name="file.encoding" value="UTF-8"/>
    <property name="java.vm.name" value="Java HotSpot(TM) 64-Bit Server VM"/>
    <property name="localRepository" value="/Users/vipulkumarkanabar/.m2/repository"/>
    <property name="java.vendor.url.bug" value="https://bugreport.java.com/bugreport/"/>
    <property name="java.io.tmpdir" value="/var/folders/z3/gkgrz1z11hx_2wb34y67njzr0000gn/T/"/>
    <property name="java.version" value="17.0.10"/>
    <property name="user.dir" value="/Users/vipulkumarkanabar/microservices/limits-service"/>
    <property name="os.arch" value="aarch64"/>
    <property name="java.vm.specification.name" value="Java Virtual Machine Specification"/>
    <property name="PID" value="6511"/>
    <property name="CONSOLE_LOG_CHARSET" value="UTF-8"/>
    <property name="native.encoding" value="UTF-8"/>
    <property name="java.library.path" value="/Users/vipulkumarkanabar/Library/Java/Extensions:/Library/Java/Extensions:/Network/Library/Java/Extensions:/System/Library/Java/Extensions:/usr/lib/java:."/>
    <property name="java.vm.info" value="mixed mode, sharing"/>
    <property name="java.vendor" value="Oracle Corporation"/>
    <property name="java.vm.version" value="17.0.10+11-LTS-240"/>
    <property name="sun.io.unicode.encoding" value="UnicodeBig"/>
    <property name="socksNonProxyHosts" value="local|*.local|169.254/16|*.169.254/16"/>
    <property name="java.class.version" value="61.0"/>
    <property name="LOGGED_APPLICATION_NAME" value="[limits-service] "/>
  </properties>
  <testcase name="contextLoads" classname="com.microservices.limits_service.LimitsServiceApplicationTests" time="0.554">
    <system-out><![CDATA[11:52:54.852 [main] INFO org.springframework.test.context.support.AnnotationConfigContextLoaderUtils -- Could not detect default configuration classes for test class [com.microservices.limits_service.LimitsServiceApplicationTests]: LimitsServiceApplicationTests does not declare any static, non-private, non-final, nested classes annotated with @Configuration.
11:52:54.916 [main] INFO org.springframework.boot.test.context.SpringBootTestContextBootstrapper -- Found @SpringBootConfiguration com.microservices.limits_service.LimitsServiceApplication for test class com.microservices.limits_service.LimitsServiceApplicationTests
11:52:55.018 [main] INFO org.springframework.boot.devtools.restart.RestartApplicationListener -- Restart disabled due to context in which it is running

  .   ____          _            __ _ _
 /\\ / ___'_ __ _ _(_)_ __  __ _ \ \ \ \
( ( )\___ | '_ | '_| | '_ \/ _` | \ \ \ \
 \\/  ___)| |_)| | | | | || (_| |  ) ) ) )
  '  |____| .__|_| |_|_| |_\__, | / / / /
 =========|_|==============|___/=/_/_/_/

 :: Spring Boot ::                (v3.3.1)

2024-06-25T11:52:55.501+01:00  INFO 6511 --- [limits-service] [           main] c.m.l.LimitsServiceApplicationTests      : Starting LimitsServiceApplicationTests using Java 17.0.10 with PID 6511 (started by vipulkumarkanabar in /Users/vipulkumarkanabar/microservices/limits-service)
2024-06-25T11:52:55.502+01:00  INFO 6511 --- [limits-service] [           main] c.m.l.LimitsServiceApplicationTests      : No active profile set, falling back to 1 default profile: "default"
2024-06-25T11:52:55.519+01:00  INFO 6511 --- [limits-service] [           main] o.s.c.c.c.ConfigServerConfigDataLoader   : Fetching config from server at : http://localhost:8888
2024-06-25T11:52:55.519+01:00  INFO 6511 --- [limits-service] [           main] o.s.c.c.c.ConfigServerConfigDataLoader   : Exception on Url - http://localhost:8888:org.springframework.web.client.ResourceAccessException: I/O error on GET request for "http://localhost:8888/limits-service/default": Connection refused. Will be trying the next url if available
2024-06-25T11:52:55.519+01:00  WARN 6511 --- [limits-service] [           main] o.s.c.c.c.ConfigServerConfigDataLoader   : Could not locate PropertySource ([ConfigServerConfigDataResource@26e412ef uris = array<String>['http://localhost:8888'], optional = true, profiles = 'default']): I/O error on GET request for "http://localhost:8888/limits-service/default": Connection refused
2024-06-25T11:52:55.519+01:00  INFO 6511 --- [limits-service] [           main] o.s.c.c.c.ConfigServerConfigDataLoader   : Fetching config from server at : http://localhost:8888
2024-06-25T11:52:55.520+01:00  INFO 6511 --- [limits-service] [           main] o.s.c.c.c.ConfigServerConfigDataLoader   : Exception on Url - http://localhost:8888:org.springframework.web.client.ResourceAccessException: I/O error on GET request for "http://localhost:8888/limits-service/default": Connection refused. Will be trying the next url if available
2024-06-25T11:52:55.520+01:00  WARN 6511 --- [limits-service] [           main] o.s.c.c.c.ConfigServerConfigDataLoader   : Could not locate PropertySource ([ConfigServerConfigDataResource@cb0f763 uris = array<String>['http://localhost:8888'], optional = true, profiles = 'default']): I/O error on GET request for "http://localhost:8888/limits-service/default": Connection refused
2024-06-25T11:52:55.520+01:00  INFO 6511 --- [limits-service] [           main] o.s.c.c.c.ConfigServerConfigDataLoader   : Fetching config from server at : http://localhost:8888
2024-06-25T11:52:55.520+01:00  INFO 6511 --- [limits-service] [           main] o.s.c.c.c.ConfigServerConfigDataLoader   : Exception on Url - http://localhost:8888:org.springframework.web.client.ResourceAccessException: I/O error on GET request for "http://localhost:8888/limits-service/default": Connection refused. Will be trying the next url if available
2024-06-25T11:52:55.520+01:00  WARN 6511 --- [limits-service] [           main] o.s.c.c.c.ConfigServerConfigDataLoader   : Could not locate PropertySource ([ConfigServerConfigDataResource@7573e12f uris = array<String>['http://localhost:8888'], optional = true, profiles = 'default']): I/O error on GET request for "http://localhost:8888/limits-service/default": Connection refused
2024-06-25T11:52:56.032+01:00  INFO 6511 --- [limits-service] [           main] o.s.cloud.context.scope.GenericScope     : BeanFactory id=af2ae16b-0819-3e7f-abd4-c5f22ee3e0ee
2024-06-25T11:52:56.465+01:00  INFO 6511 --- [limits-service] [           main] o.s.b.a.e.web.EndpointLinksResolver      : Exposing 1 endpoint beneath base path '/actuator'
2024-06-25T11:52:56.505+01:00  INFO 6511 --- [limits-service] [           main] c.m.l.LimitsServiceApplicationTests      : Started LimitsServiceApplicationTests in 1.498 seconds (process running for 2.133)
]]></system-out>
  </testcase>
</testsuite>